2024-08-26T15:03:22.772Z [info] : Server is running on port 3500
2024-08-26T15:04:04.677Z [info] : Server is running on port 3500
2024-08-26T15:04:06.486Z [info] : Server is running on port 3500
2024-08-26T15:04:14.746Z [info] : Server is running on port 3500
2024-08-26T15:04:17.291Z [info] : Server is running on port 3500
2024-08-26T15:04:29.015Z [info] : Redirected user to HubSpot OAuth URL for installation
2024-08-26T15:05:04.014Z [info] : Server is running on port 3500
2024-08-26T15:05:06.546Z [info] : Server is running on port 3500
2024-08-26T15:05:08.385Z [info] : Server is running on port 3500
2024-08-26T15:05:14.977Z [info] : Server is running on port 3500
2024-08-26T15:05:18.483Z [info] : Server is running on port 3500
2024-08-26T15:05:23.822Z [info] : Server is running on port 3500
2024-08-26T15:05:29.192Z [info] : Server is running on port 3500
2024-08-26T15:05:35.858Z [info] : Server is running on port 3500
2024-08-26T15:05:54.929Z [info] : Server is running on port 3500
2024-08-26T15:05:57.674Z [info] : Server is running on port 3500
2024-08-26T15:05:59.383Z [info] : Server is running on port 3500
2024-08-26T15:06:01.783Z [info] : Server is running on port 3500
2024-08-26T15:06:05.076Z [info] : Server is running on port 3500
2024-08-26T15:06:08.544Z [info] : Server is running on port 3500
2024-08-26T15:06:20.087Z [info] : Server is running on port 3500
2024-08-26T15:06:22.863Z [info] : Server is running on port 3500
2024-08-26T15:06:33.889Z [info] : Server is running on port 3500 
2024-08-26T15:06:38.135Z [info] : Server is running on port 3500
2024-08-26T15:06:58.393Z [info] : Redirected user to HubSpot OAuth URL for installation
2024-08-26T15:07:18.120Z [info] : Received access token and refresh token
2024-08-26T15:07:18.122Z [info] : OAuth callback successful, redirecting to home
2024-08-26T15:07:18.128Z [info] : Redirected user to HubSpot OAuth URL for installation
2024-08-26T15:11:04.415Z [info] : Server is running on port 3500
2024-08-26T16:15:24.975Z [info] : Received access token and refresh token
2024-08-26T16:15:24.977Z [info] : OAuth callback successful, redirecting to home
2024-08-26T16:15:24.992Z [info] : Redirected user to HubSpot OAuth URL for installation
2024-08-27T05:06:55.401Z [info] : Server is running on port 3500
2024-08-27T05:12:18.085Z [info] : Server is running on port 3500
2024-08-27T05:12:49.904Z [info] : Server is running on port 3500
2024-08-27T05:13:46.851Z [info] : Server is running on port 3500
2024-08-27T05:15:22.004Z [info] : Server is running on port 3500
2024-08-27T05:15:24.070Z [info] : Server is running on port 3500
2024-08-27T05:16:45.930Z [info] : Server is running on port 3500
2024-08-27T05:17:03.676Z [info] : Redirected user to HubSpot OAuth URL for installation
2024-08-27T05:17:43.302Z [info] : Server is running on port 3500
2024-08-27T05:17:46.846Z [info] : Server is running on port 3500
2024-08-27T05:17:47.671Z [info] : Server is running on port 3500
2024-08-27T05:18:36.252Z [info] : Server is running on port 3500
2024-08-27T05:18:50.525Z [info] : Server is running on port 3500
2024-08-27T05:18:52.146Z [info] : Server is running on port 3500
2024-08-27T05:18:55.229Z [info] : Server is running on port 3500
2024-08-27T05:18:58.380Z [info] : Server is running on port 3500
2024-08-27T05:18:59.278Z [info] : Server is running on port 3500
2024-08-27T05:36:27.120Z [info] : Server is running on port 3500
2024-08-27T05:36:35.148Z [info] : Server is running on port 3500
2024-08-27T05:36:40.322Z [info] : Server is running on port 3500
2024-08-27T05:36:44.408Z [info] : Server is running on port 3500
2024-08-27T05:37:39.759Z [info] : Server is running on port 3500
2024-08-27T05:37:42.154Z [info] : Server is running on port 3500
2024-08-27T05:38:02.955Z [info] : Server is running on port 3500
2024-08-27T05:38:05.513Z [info] : Server is running on port 3500
2024-08-27T05:38:07.669Z [info] : Server is running on port 3500
2024-08-27T05:38:10.105Z [info] : Server is running on port 3500
2024-08-27T05:38:13.891Z [info] : Server is running on port 3500
2024-08-27T05:38:21.608Z [info] : Server is running on port 3500
2024-08-27T05:38:28.613Z [info] : Server is running on port 3500
2024-08-27T05:38:32.074Z [info] : Server is running on port 3500
2024-08-27T05:38:44.452Z [info] : Server is running on port 3500
2024-08-27T05:41:18.118Z [info] : Server is running on port 3500
2024-08-27T05:41:20.321Z [info] : Server is running on port 3500
2024-08-27T05:41:23.954Z [info] : Server is running on port 3500
2024-08-27T05:41:27.095Z [info] : Server is running on port 3500
2024-08-27T05:41:31.661Z [info] : Server is running on port 3500
2024-08-27T05:48:19.968Z [info] : Received access token and refresh token
2024-08-27T05:48:19.968Z [info] : OAuth callback successful, redirecting to home
2024-08-27T06:01:42.921Z [info] : Server is running on port 3500
2024-08-27T06:33:56.965Z [info] : Server is running on port 3500
2024-08-27T06:34:10.733Z [info] : Redirected user to HubSpot OAuth URL for installation
2024-08-27T06:34:16.031Z [info] : Received access token and refresh token
2024-08-27T06:34:16.035Z [info] : OAuth callback successful, redirecting to home
2024-08-27T06:42:54.176Z [info] : Server is running on port 3500
2024-08-27T06:43:16.156Z [info] : Server is running on port 3500
2024-08-27T06:43:34.835Z [info] : Redirected user to HubSpot OAuth URL for installation
2024-08-27T06:43:42.698Z [info] : Received access token and refresh token
2024-08-27T06:43:42.699Z [info] : OAuth callback successful, redirecting to home
2024-08-27T06:44:29.300Z [info] : Server is running on port 3500
2024-08-27T08:36:34.567Z [info] : Server is running on port 3500
2024-08-27T08:36:45.053Z [info] : Server is running on port 3500
2024-08-27T08:36:50.975Z [info] : Server is running on port 3500
2024-08-27T08:36:54.583Z [info] : Server is running on port 3500
2024-08-27T08:37:13.420Z [info] : Server is running on port 3500
2024-08-27T08:37:20.714Z [info] : Server is running on port 3500
2024-08-27T08:37:27.890Z [info] : Server is running on port 3500
2024-08-27T08:37:29.884Z [info] : Server is running on port 3500
2024-08-27T08:37:31.466Z [info] : Server is running on port 3500
2024-08-27T08:37:33.938Z [info] : Server is running on port 3500
2024-08-27T08:38:19.492Z [info] : Server is running on port 3500
2024-08-27T08:38:27.034Z [info] : Redirected user to HubSpot OAuth URL for installation
2024-08-27T08:38:33.395Z [info] : Received access token and refresh token
2024-08-27T08:38:33.396Z [info] : OAuth callback successful, redirecting to home
2024-08-27T08:39:26.684Z [info] : Server is running on port 3500
2024-08-27T08:42:57.852Z [info] : Redirected user to HubSpot OAuth URL for installation
2024-08-27T08:43:07.752Z [info] : Received access token and refresh token
2024-08-27T08:43:07.756Z [info] : OAuth callback successful, redirecting to home
2024-08-27T08:46:11.429Z [info] : Server is running on port 3500
2024-08-27T08:46:14.828Z [info] : Server is running on port 3500
2024-08-27T08:47:30.210Z [info] : Server is running on port 3500
2024-08-27T08:52:23.386Z [error] : Error exchanging authorization_code for access token: [object Object]
2024-08-27T08:52:23.387Z [error] : Error during OAuth callback: missing or unknown auth code
2024-08-27T10:26:22.313Z [info] : Server is running on port 3500
2024-08-27T10:26:26.559Z [info] : Server is running on port 3500
2024-08-27T10:26:30.768Z [info] : Server is running on port 3500
2024-08-27T10:27:40.397Z [info] : Server is running on port 3500
2024-08-27T10:28:56.478Z [info] : Server is running on port 3500
2024-08-27T10:29:04.297Z [info] : Server is running on port 3500
2024-08-27T10:29:42.903Z [info] : Redirected user to HubSpot OAuth URL for installation
2024-08-27T10:29:50.063Z [info] : Received access token and refresh token
2024-08-27T10:29:50.063Z [info] : OAuth callback successful, redirecting to home
2024-08-27T10:29:56.156Z [error] : Error exchanging authorization_code for access token: [object Object]
2024-08-27T10:29:56.157Z [error] : Error during OAuth callback: missing or unknown auth code
2024-08-27T10:34:53.120Z [info] : Server is running on port 3500
2024-08-27T10:34:55.106Z [info] : Server is running on port 3500
2024-08-27T10:34:57.879Z [info] : Server is running on port 3500
